<?xml version="1.0" encoding="UTF-8"?>
<!-- Generated by org.testng.reporters.JUnitReportReporter -->
<testsuite skipped="0" hostname="LAPTOP-ACFB8J0B" name="demo.sample" tests="1" failures="0" timestamp="2022-07-15T21:32:50 IST" time="4.171" errors="0">
  <testcase name="m1" time="4.171" classname="demo.sample"/>
  <system-out/>
</testsuite> <!-- demo.sample -->
